This is pdfTeXk, Version 3.141592-1.40.3 (Web2C 7.5.6) (format=pdflatex 2009.7.7)  25 OCT 2009 11:58
entering extended mode
 %&-line parsing enabled.
**main
(./main.tex
LaTeX2e <2005/12/01>
Babel <v3.8h> and hyphenation patterns for english, usenglishmax, dumylang, noh
yphenation, arabic, basque, bulgarian, coptic, welsh, czech, slovak, german, ng
erman, danish, esperanto, spanish, catalan, galician, estonian, farsi, finnish,
 french, greek, monogreek, ancientgreek, croatian, hungarian, interlingua, ibyc
us, indonesian, icelandic, italian, latin, mongolian, dutch, norsk, polish, por
tuguese, pinyin, romanian, russian, slovenian, uppersorbian, serbian, swedish, 
turkish, ukenglish, ukrainian, loaded.
(/usr/share/texmf/tex/latex/koma-script/scrbook.cls
Document Class: scrbook 2006/07/30 v2.95b KOMA-Script document class (book)
(/usr/share/texmf/tex/latex/koma-script/scrkbase.sty
Package: scrkbase 2006/07/30 v2.95b KOMA-Script package (basics and keyval use)


(/usr/share/texmf/tex/latex/koma-script/scrlfile.sty
Package: scrlfile 2006/03/28 v2.95 KOMA-Script package (loading files)

Package scrlfile, 2006/03/28 v2.95 KOMA-Script package (loading files)
                  Copyright (C) Markus Kohm

) (/usr/share/texmf/tex/latex/graphics/keyval.sty
Package: keyval 1999/03/16 v1.13 key=value parser (DPC)
\KV@toks@=\toks14
))
Package scrkbase Info: You've used the obsolete option `10pt'.
(scrkbase)             \KOMAoptions{fontsize=10pt} will be used instead.
(scrkbase)             You should do this change too on input line 628.

(/usr/share/texmf/tex/latex/base/bk10.clo
File: bk10.clo 2005/09/16 v1.4f Standard LaTeX file (size option)
)
(/usr/share/texmf/tex/latex/koma-script/typearea.sty
Package: typearea 2006/07/30 v2.95b KOMA-Script package (type area)

Package typearea, 2006/07/30 v2.95b KOMA-Script package (type area)
                  Copyright (C) Frank Neukam, 1992-1994
                  Copyright (C) Markus Kohm, 1994-2002

\ta@bcor=\skip41
\ta@div=\count79
Package scrkbase Info: You've used the obsolete option `a4paper'.
(scrkbase)             \KOMAoptions{paper=a4} will be used instead.
(scrkbase)             You should do this change too on input line 419.
\ta@hblk=\skip42
\ta@vblk=\skip43
\ta@temp=\skip44
Package typearea Info: These are the values describing the layout:
(typearea)             DIV  = 8
(typearea)             BCOR = 0.0pt
(typearea)             \paperwidth      = 597.50793pt
(typearea)              \textwidth      = 373.44246pt
(typearea)              DIV-departure   = -4/100
(typearea)              \evensidemargin = 77.107pt
(typearea)              \oddsidemargin  = 2.4185pt
(typearea)             \paperheight     = 845.04694pt
(typearea)              \textheight     = 538.0pt
(typearea)              \topmargin      = 0.36087pt
(typearea)              \headheight     = 15.0pt
(typearea)              \headsep        = 18.0pt
(typearea)              \topskip        = 10.0pt
(typearea)              \footskip       = 42.0pt
(typearea)              \baselineskip   = 12.0pt
(typearea)              on input line 832.
)
\c@part=\count80
\c@chapter=\count81
\c@section=\count82
\c@subsection=\count83
\c@subsubsection=\count84
\c@paragraph=\count85
\c@subparagraph=\count86
\abovecaptionskip=\skip45
\belowcaptionskip=\skip46
\c@pti@nb@sid@b@x=\box26
\c@figure=\count87
\c@table=\count88
\bibindent=\dimen102
) (/usr/share/texmf/tex/latex/base/inputenc.sty
Package: inputenc 2006/05/05 v1.1b Input encoding file
\inpenc@prehook=\toks15
\inpenc@posthook=\toks16

(/usr/share/texmf/tex/latex/base/utf8.def
File: utf8.def 2006/03/30 v1.1i UTF-8 support for inputenc
Now handling font encoding OML ...
... no UTF-8 mapping file for font encoding OML
Now handling font encoding T1 ...
... processing UTF-8 mapping file for font encodingT1

(/usr/share/texmf/tex/latex/base/t1enc.dfu
File: t1enc.dfu 2006/03/30 v1.1i UTF-8 support for inputenc
   defining Unicode char U+00A1 (decimal 161)
   defining Unicode char U+00A3 (decimal 163)
   defining Unicode char U+00AB (decimal 171)
   defining Unicode char U+00BB (decimal 187)
   defining Unicode char U+00BF (decimal 191)
   defining Unicode char U+00C0 (decimal 192)
   defining Unicode char U+00C1 (decimal 193)
   defining Unicode char U+00C2 (decimal 194)
   defining Unicode char U+00C3 (decimal 195)
   defining Unicode char U+00C4 (decimal 196)
   defining Unicode char U+00C5 (decimal 197)
   defining Unicode char U+00C6 (decimal 198)
   defining Unicode char U+00C7 (decimal 199)
   defining Unicode char U+00C8 (decimal 200)
   defining Unicode char U+00C9 (decimal 201)
   defining Unicode char U+00CA (decimal 202)
   defining Unicode char U+00CB (decimal 203)
   defining Unicode char U+00CC (decimal 204)
   defining Unicode char U+00CD (decimal 205)
   defining Unicode char U+00CE (decimal 206)
   defining Unicode char U+00CF (decimal 207)
   defining Unicode char U+00D0 (decimal 208)
   defining Unicode char U+00D1 (decimal 209)
   defining Unicode char U+00D2 (decimal 210)
   defining Unicode char U+00D3 (decimal 211)
   defining Unicode char U+00D4 (decimal 212)
   defining Unicode char U+00D5 (decimal 213)
   defining Unicode char U+00D6 (decimal 214)
   defining Unicode char U+00D8 (decimal 216)
   defining Unicode char U+00D9 (decimal 217)
   defining Unicode char U+00DA (decimal 218)
   defining Unicode char U+00DB (decimal 219)
   defining Unicode char U+00DC (decimal 220)
   defining Unicode char U+00DD (decimal 221)
   defining Unicode char U+00DE (decimal 222)
   defining Unicode char U+00DF (decimal 223)
   defining Unicode char U+00E0 (decimal 224)
   defining Unicode char U+00E1 (decimal 225)
   defining Unicode char U+00E2 (decimal 226)
   defining Unicode char U+00E3 (decimal 227)
   defining Unicode char U+00E4 (decimal 228)
   defining Unicode char U+00E5 (decimal 229)
   defining Unicode char U+00E6 (decimal 230)
   defining Unicode char U+00E7 (decimal 231)
   defining Unicode char U+00E8 (decimal 232)
   defining Unicode char U+00E9 (decimal 233)
   defining Unicode char U+00EA (decimal 234)
   defining Unicode char U+00EB (decimal 235)
   defining Unicode char U+00EC (decimal 236)
   defining Unicode char U+00ED (decimal 237)
   defining Unicode char U+00EE (decimal 238)
   defining Unicode char U+00EF (decimal 239)
   defining Unicode char U+00F0 (decimal 240)
   defining Unicode char U+00F1 (decimal 241)
   defining Unicode char U+00F2 (decimal 242)
   defining Unicode char U+00F3 (decimal 243)
   defining Unicode char U+00F4 (decimal 244)
   defining Unicode char U+00F5 (decimal 245)
   defining Unicode char U+00F6 (decimal 246)
   defining Unicode char U+00F8 (decimal 248)
   defining Unicode char U+00F9 (decimal 249)
   defining Unicode char U+00FA (decimal 250)
   defining Unicode char U+00FB (decimal 251)
   defining Unicode char U+00FC (decimal 252)
   defining Unicode char U+00FD (decimal 253)
   defining Unicode char U+00FE (decimal 254)
   defining Unicode char U+00FF (decimal 255)
   defining Unicode char U+0102 (decimal 258)
   defining Unicode char U+0103 (decimal 259)
   defining Unicode char U+0104 (decimal 260)
   defining Unicode char U+0105 (decimal 261)
   defining Unicode char U+0106 (decimal 262)
   defining Unicode char U+0107 (decimal 263)
   defining Unicode char U+010C (decimal 268)
   defining Unicode char U+010D (decimal 269)
   defining Unicode char U+010E (decimal 270)
   defining Unicode char U+010F (decimal 271)
   defining Unicode char U+0110 (decimal 272)
   defining Unicode char U+0111 (decimal 273)
   defining Unicode char U+0118 (decimal 280)
   defining Unicode char U+0119 (decimal 281)
   defining Unicode char U+011A (decimal 282)
   defining Unicode char U+011B (decimal 283)
   defining Unicode char U+011E (decimal 286)
   defining Unicode char U+011F (decimal 287)
   defining Unicode char U+0130 (decimal 304)
   defining Unicode char U+0131 (decimal 305)
   defining Unicode char U+0132 (decimal 306)
   defining Unicode char U+0133 (decimal 307)
   defining Unicode char U+0139 (decimal 313)
   defining Unicode char U+013A (decimal 314)
   defining Unicode char U+013D (decimal 317)
   defining Unicode char U+013E (decimal 318)
   defining Unicode char U+0141 (decimal 321)
   defining Unicode char U+0142 (decimal 322)
   defining Unicode char U+0143 (decimal 323)
   defining Unicode char U+0144 (decimal 324)
   defining Unicode char U+0147 (decimal 327)
   defining Unicode char U+0148 (decimal 328)
   defining Unicode char U+014A (decimal 330)
   defining Unicode char U+014B (decimal 331)
   defining Unicode char U+0150 (decimal 336)
   defining Unicode char U+0151 (decimal 337)
   defining Unicode char U+0152 (decimal 338)
   defining Unicode char U+0153 (decimal 339)
   defining Unicode char U+0154 (decimal 340)
   defining Unicode char U+0155 (decimal 341)
   defining Unicode char U+0158 (decimal 344)
   defining Unicode char U+0159 (decimal 345)
   defining Unicode char U+015A (decimal 346)
   defining Unicode char U+015B (decimal 347)
   defining Unicode char U+015E (decimal 350)
   defining Unicode char U+015F (decimal 351)
   defining Unicode char U+0160 (decimal 352)
   defining Unicode char U+0161 (decimal 353)
   defining Unicode char U+0162 (decimal 354)
   defining Unicode char U+0163 (decimal 355)
   defining Unicode char U+0164 (decimal 356)
   defining Unicode char U+0165 (decimal 357)
   defining Unicode char U+016E (decimal 366)
   defining Unicode char U+016F (decimal 367)
   defining Unicode char U+0170 (decimal 368)
   defining Unicode char U+0171 (decimal 369)
   defining Unicode char U+0178 (decimal 376)
   defining Unicode char U+0179 (decimal 377)
   defining Unicode char U+017A (decimal 378)
   defining Unicode char U+017B (decimal 379)
   defining Unicode char U+017C (decimal 380)
   defining Unicode char U+017D (decimal 381)
   defining Unicode char U+017E (decimal 382)
   defining Unicode char U+200C (decimal 8204)
   defining Unicode char U+2013 (decimal 8211)
   defining Unicode char U+2014 (decimal 8212)
   defining Unicode char U+2018 (decimal 8216)
   defining Unicode char U+2019 (decimal 8217)
   defining Unicode char U+201A (decimal 8218)
   defining Unicode char U+201C (decimal 8220)
   defining Unicode char U+201D (decimal 8221)
   defining Unicode char U+201E (decimal 8222)
   defining Unicode char U+2030 (decimal 8240)
   defining Unicode char U+2031 (decimal 8241)
   defining Unicode char U+2039 (decimal 8249)
   defining Unicode char U+203A (decimal 8250)
   defining Unicode char U+2423 (decimal 9251)
)
Now handling font encoding OT1 ...
... processing UTF-8 mapping file for font encodingOT1

(/usr/share/texmf/tex/latex/base/ot1enc.dfu
File: ot1enc.dfu 2006/03/30 v1.1i UTF-8 support for inputenc
   defining Unicode char U+00A1 (decimal 161)
   defining Unicode char U+00A3 (decimal 163)
   defining Unicode char U+00B8 (decimal 184)
   defining Unicode char U+00BF (decimal 191)
   defining Unicode char U+00C5 (decimal 197)
   defining Unicode char U+00C6 (decimal 198)
   defining Unicode char U+00D8 (decimal 216)
   defining Unicode char U+00DF (decimal 223)
   defining Unicode char U+00E6 (decimal 230)
   defining Unicode char U+00EC (decimal 236)
   defining Unicode char U+00ED (decimal 237)
   defining Unicode char U+00EE (decimal 238)
   defining Unicode char U+00EF (decimal 239)
   defining Unicode char U+00F8 (decimal 248)
   defining Unicode char U+0131 (decimal 305)
   defining Unicode char U+0141 (decimal 321)
   defining Unicode char U+0142 (decimal 322)
   defining Unicode char U+0152 (decimal 338)
   defining Unicode char U+0153 (decimal 339)
   defining Unicode char U+2013 (decimal 8211)
   defining Unicode char U+2014 (decimal 8212)
   defining Unicode char U+2018 (decimal 8216)
   defining Unicode char U+2019 (decimal 8217)
   defining Unicode char U+201C (decimal 8220)
   defining Unicode char U+201D (decimal 8221)
)
Now handling font encoding OMS ...
... processing UTF-8 mapping file for font encodingOMS

(/usr/share/texmf/tex/latex/base/omsenc.dfu
File: omsenc.dfu 2006/03/30 v1.1i UTF-8 support for inputenc
   defining Unicode char U+00A7 (decimal 167)
   defining Unicode char U+00B6 (decimal 182)
   defining Unicode char U+00B7 (decimal 183)
   defining Unicode char U+2020 (decimal 8224)
   defining Unicode char U+2021 (decimal 8225)
   defining Unicode char U+2022 (decimal 8226)
)
Now handling font encoding OMX ...
... no UTF-8 mapping file for font encoding OMX
Now handling font encoding U ...
... no UTF-8 mapping file for font encoding U
   defining Unicode char U+00A9 (decimal 169)
   defining Unicode char U+00AA (decimal 170)
   defining Unicode char U+00AE (decimal 174)
   defining Unicode char U+00BA (decimal 186)
   defining Unicode char U+02C6 (decimal 710)
   defining Unicode char U+02DC (decimal 732)
   defining Unicode char U+200C (decimal 8204)
   defining Unicode char U+2026 (decimal 8230)
   defining Unicode char U+2122 (decimal 8482)
   defining Unicode char U+2423 (decimal 9251)
))
(/usr/share/texmf/tex/latex/fpc/fpc.sty
Package: fpc 1996/12/09

(/usr/share/texmf/tex/latex/tools/multicol.sty
Package: multicol 2006/05/18 v1.6g multicolumn formatting (FMi)
\c@tracingmulticols=\count89
\mult@box=\box27
\multicol@leftmargin=\dimen103
\c@unbalance=\count90
\c@collectmore=\count91
\doublecol@number=\count92
\multicoltolerance=\count93
\multicolpretolerance=\count94
\full@width=\dimen104
\page@free=\dimen105
\premulticols=\dimen106
\postmulticols=\dimen107
\multicolsep=\skip47
\multicolbaselineskip=\skip48
\partial@page=\box28
\last@line=\box29
\mult@rightbox=\box30
\mult@grightbox=\box31
\mult@gfirstbox=\box32
\mult@firstbox=\box33
\@tempa=\box34
\@tempa=\box35
\@tempa=\box36
\@tempa=\box37
\@tempa=\box38
\@tempa=\box39
\@tempa=\box40
\@tempa=\box41
\@tempa=\box42
\@tempa=\box43
\@tempa=\box44
\@tempa=\box45
\@tempa=\box46
\@tempa=\box47
\@tempa=\box48
\@tempa=\box49
\@tempa=\box50
\c@columnbadness=\count95
\c@finalcolumnbadness=\count96
\last@try=\dimen108
\multicolovershoot=\dimen109
\multicolundershoot=\dimen110
\mult@nat@firstbox=\box51
\colbreak@box=\box52
)
(/usr/share/texmf/tex/latex/graphics/epsfig.sty
Package: epsfig 1999/02/16 v1.7a (e)psfig emulation (SPQR)

(/usr/share/texmf/tex/latex/graphics/graphicx.sty
Package: graphicx 1999/02/16 v1.0f Enhanced LaTeX Graphics (DPC,SPQR)

(/usr/share/texmf/tex/latex/graphics/graphics.sty
Package: graphics 2006/02/20 v1.0o Standard LaTeX Graphics (DPC,SPQR)

(/usr/share/texmf/tex/latex/graphics/trig.sty
Package: trig 1999/03/16 v1.09 sin cos tan (DPC)
)
(/usr/share/texmf/tex/latex/config/graphics.cfg
File: graphics.cfg 2007/01/18 v1.5 graphics configuration of teTeX/TeXLive
)
Package graphics Info: Driver file: pdftex.def on input line 90.

(/usr/share/texmf/tex/latex/pdftex-def/pdftex.def
File: pdftex.def 2007/01/08 v0.04d Graphics/color for pdfTeX
\Gread@gobject=\count97
))
\Gin@req@height=\dimen111
\Gin@req@width=\dimen112
)
\epsfxsize=\dimen113
\epsfysize=\dimen114
)
(/usr/share/texmf/tex/latex/tools/xspace.sty
Package: xspace 2006/05/08 v1.12 Space after command names (DPC,MH)
)
(/usr/share/texmf/tex/latex/base/ifthen.sty
Package: ifthen 2001/05/26 v1.1c Standard LaTeX ifthen package (DPC)
)
(/usr/share/texmf/tex/latex/listings/listings.sty
\lst@mode=\count98
\lst@gtempboxa=\box53
\lst@token=\toks17
\lst@length=\count99
\lst@currlwidth=\dimen115
\lst@column=\count100
\lst@pos=\count101
\lst@lostspace=\dimen116
\lst@width=\dimen117
\lst@newlines=\count102
\lst@lineno=\count103
\c@lstlisting=\count104
\lst@maxwidth=\dimen118

(/usr/share/texmf/tex/latex/listings/lstpatch.sty
File: lstpatch.sty 2004/10/17 1.3b (Carsten Heinz)
)
(/usr/share/texmf/tex/latex/listings/lstmisc.sty
File: lstmisc.sty 2004/09/07 1.3 (Carsten Heinz)
\c@lstnumber=\count105
\lst@skipnumbers=\count106
\lst@framebox=\box54
)
(/usr/share/texmf/tex/latex/listings/listings.cfg
File: listings.cfg 2004/09/05 1.3 listings configuration
))
Package: listings 2004/10/17 1.3b (Carsten Heinz)

(/usr/share/texmf/tex/latex/base/makeidx.sty
Package: makeidx 2000/03/29 v1.0m Standard LaTeX package
)
(/usr/share/texmf/tex/latex/ntgclass/a4.sty
Package: a4 2004/04/15 v1.2g A4 based page layout
)
(/usr/share/texmf/tex/generic/oberdiek/ifpdf.sty
Package: ifpdf 2006/02/20 v1.4 Provides the ifpdf switch (HO)
Package ifpdf Info: pdfTeX in pdf mode detected.
)
(/usr/share/texmf/tex/latex/fancyhdr/fancyhdr.sty
\fancy@headwidth=\skip49
\f@ncyO@elh=\skip50
\f@ncyO@erh=\skip51
\f@ncyO@olh=\skip52
\f@ncyO@orh=\skip53
\f@ncyO@elf=\skip54
\f@ncyO@erf=\skip55
\f@ncyO@olf=\skip56
\f@ncyO@orf=\skip57
)
(/usr/share/texmf/tex/latex/hyperref/hyperref.sty
Package: hyperref 2007/02/07 v6.75r Hypertext links for LaTeX
\@linkdim=\dimen119
\Hy@linkcounter=\count107
\Hy@pagecounter=\count108

(/usr/share/texmf/tex/latex/hyperref/pd1enc.def
File: pd1enc.def 2007/02/07 v6.75r Hyperref: PDFDocEncoding definition (HO)
Now handling font encoding PD1 ...
... no UTF-8 mapping file for font encoding PD1
)
(/usr/share/texmf/tex/latex/config/hyperref.cfg
File: hyperref.cfg 2002/06/06 v1.2 hyperref configuration of TeXLive
)
(/usr/share/texmf/tex/latex/oberdiek/kvoptions.sty
Package: kvoptions 2006/08/22 v2.4 Connects package keyval with LaTeX options (
HO)
)
Package hyperref Info: Option `bookmarks' set `true' on input line 2238.
Package hyperref Info: Option `colorlinks' set `true' on input line 2238.
Package hyperref Info: Hyper figures OFF on input line 2288.
Package hyperref Info: Link nesting OFF on input line 2293.
Package hyperref Info: Hyper index ON on input line 2296.
Package hyperref Info: Plain pages OFF on input line 2303.
Package hyperref Info: Backreferencing OFF on input line 2308.

Implicit mode ON; LaTeX internals redefined
Package hyperref Info: Bookmarks ON on input line 2444.
(/usr/share/texmf/tex/latex/ltxmisc/url.sty
\Urlmuskip=\muskip10
Package: url 2005/06/27  ver 3.2  Verb mode for urls, etc.
)
LaTeX Info: Redefining \url on input line 2599.
\Fld@menulength=\count109
\Field@Width=\dimen120
\Fld@charsize=\dimen121
\Choice@toks=\toks18
\Field@toks=\toks19
Package hyperref Info: Hyper figures OFF on input line 3102.
Package hyperref Info: Link nesting OFF on input line 3107.
Package hyperref Info: Hyper index ON on input line 3110.
Package hyperref Info: backreferencing OFF on input line 3117.
Package hyperref Info: Link coloring ON on input line 3120.
\Hy@abspage=\count110
\c@Item=\count111
\c@Hfootnote=\count112
)
*hyperref using driver hpdftex*
(/usr/share/texmf/tex/latex/hyperref/hpdftex.def
File: hpdftex.def 2007/02/07 v6.75r Hyperref driver for pdfTeX
\Fld@listcount=\count113
)
(/usr/share/texmf/tex/latex/psnfss/times.sty
Package: times 2005/04/12 PSNFSS-v9.2a (SPQR) 
)
(/usr/share/texmf/tex/latex/base/fontenc.sty
Package: fontenc 2005/09/27 v1.99g Standard LaTeX package

(/usr/share/texmf/tex/latex/base/t1enc.def
File: t1enc.def 2005/09/27 v1.99g Standard LaTeX file
LaTeX Font Info:    Redeclaring font encoding T1 on input line 43.
))
(/usr/share/texmf/tex/latex/fakehtml/fakehtml.sty
Package: fakehtml 2001/07/01
)
(/usr/share/texmf/tex/latex/listings/lstlang1.sty
File: lstlang1.sty 2004/09/05 1.3 listings language file
)
(/usr/share/texmf/tex/latex/listings/lstlang2.sty
File: lstlang2.sty 2004/09/05 1.3 listings language file
))
(/usr/share/texmf/tex/latex/tools/tabularx.sty
Package: tabularx 1999/01/07 v2.07 `tabularx' package (DPC)

(/usr/share/texmf/tex/latex/tools/array.sty
Package: array 2005/08/23 v2.4b Tabular extension package (FMi)
\col@sep=\dimen122
\extrarowheight=\dimen123
\NC@list=\toks20
\extratabsurround=\skip58
\backup@length=\skip59
)
\TX@col@width=\dimen124
\TX@old@table=\dimen125
\TX@old@col=\dimen126
\TX@target=\dimen127
\TX@delta=\dimen128
\TX@cols=\count114
\TX@ftn=\toks21
) (./main.aux)
\openout1 = `main.aux'.

LaTeX Font Info:    Checking defaults for OML/cmm/m/it on input line 7.
LaTeX Font Info:    ... okay on input line 7.
LaTeX Font Info:    Checking defaults for T1/cmr/m/n on input line 7.
LaTeX Font Info:    ... okay on input line 7.
LaTeX Font Info:    Checking defaults for OT1/cmr/m/n on input line 7.
LaTeX Font Info:    ... okay on input line 7.
LaTeX Font Info:    Checking defaults for OMS/cmsy/m/n on input line 7.
LaTeX Font Info:    ... okay on input line 7.
LaTeX Font Info:    Checking defaults for OMX/cmex/m/n on input line 7.
LaTeX Font Info:    ... okay on input line 7.
LaTeX Font Info:    Checking defaults for U/cmr/m/n on input line 7.
LaTeX Font Info:    ... okay on input line 7.
LaTeX Font Info:    Checking defaults for PD1/pdf/m/n on input line 7.
LaTeX Font Info:    ... okay on input line 7.
LaTeX Font Info:    Try loading font information for T1+ptm on input line 7.

(/usr/share/texmf/tex/latex/psnfss/t1ptm.fd
File: t1ptm.fd 2001/06/04 font definitions for T1/ptm.
)
(/usr/share/texmf/tex/context/base/supp-pdf.tex
[Loading MPS to PDF converter (version 2006.09.02).]
\scratchcounter=\count115
\scratchdimen=\dimen129
\scratchbox=\box55
\nofMPsegments=\count116
\nofMParguments=\count117
\MPscratchCnt=\count118
\MPscratchDim=\dimen130
\MPnumerator=\count119
\everyMPtoPDFconversion=\toks22
) (/usr/share/texmf/tex/latex/graphics/color.sty
Package: color 2005/11/14 v1.0j Standard LaTeX Color (DPC)

(/usr/share/texmf/tex/latex/config/color.cfg
File: color.cfg 2007/01/18 v1.5 color configuration of teTeX/TeXLive
)
Package color Info: Driver file: pdftex.def on input line 130.
)
Package hyperref Info: Link coloring ON on input line 7.

(/usr/share/texmf/tex/latex/hyperref/nameref.sty
Package: nameref 2006/12/27 v2.28 Cross-referencing by name of section

(/usr/share/texmf/tex/latex/oberdiek/refcount.sty
Package: refcount 2006/02/20 v3.0 Data extraction from references (HO)
)
\c@section@level=\count120
)
LaTeX Info: Redefining \ref on input line 7.
LaTeX Info: Redefining \pageref on input line 7.
 (./main.out) (./main.out)
\@outlinefile=\write3
\openout3 = `main.out'.


(./thoriumcorepkg.tex
Chapter 1.
LaTeX Font Info:    Try loading font information for T1+phv on input line 7.
(/usr/share/texmf/tex/latex/psnfss/t1phv.fd
File: t1phv.fd 2001/06/04 scalable font definitions for T1/phv.
)
LaTeX Font Info:    Font shape `T1/phv/bx/n' in size <10> not available
(Font)              Font shape `T1/phv/b/n' tried instead on input line 7.
LaTeX Font Info:    Font shape `T1/phv/bx/n' in size <20.74> not available
(Font)              Font shape `T1/phv/b/n' tried instead on input line 7.
LaTeX Font Info:    Font shape `T1/phv/bx/n' in size <14.4> not available
(Font)              Font shape `T1/phv/b/n' tried instead on input line 11.
LaTeX Font Info:    External font `cmex10' loaded for size
(Font)              <7> on input line 12.
LaTeX Font Info:    External font `cmex10' loaded for size
(Font)              <5> on input line 12.
LaTeX Font Info:    Font shape `T1/phv/bx/n' in size <12> not available
(Font)              Font shape `T1/phv/b/n' tried instead on input line 29.
LaTeX Font Info:    Try loading font information for T1+pcr on input line 32.

(/usr/share/texmf/tex/latex/psnfss/t1pcr.fd
File: t1pcr.fd 2001/06/04 font definitions for T1/pcr.
) [1


{/usr/share/texmf/fonts/map/pdftex/updmap/pdftex.map}]
Overfull \hbox (85.65001pt too wide) in paragraph at lines 136--136
[]                                        \T1/pcr/m/n/10 (Sender: TThoriumDebug
gingVirtualMachine;[] 
 []


Overfull \hbox (79.65001pt too wide) in paragraph at lines 147--147
[]                                       \T1/pcr/m/n/10 (Sender: TThoriumDebugg
ingVirtualMachine;[] 
 []


Overfull \hbox (7.65001pt too wide) in paragraph at lines 205--205
[]\T1/pcr/m/n/10 TThoriumInstructionFunc1R = function(RI: Word) : TThoriumInstr
uction[] 
 []

[2]
Overfull \hbox (1.65001pt too wide) in paragraph at lines 259--259
[]                                  \T1/pcr/m/n/10 var AThoriumValue: TThoriumV
alue)[] 
 []


Overfull \hbox (13.65001pt too wide) in paragraph at lines 269--269
[]                                  \T1/pcr/m/n/10 const AThoriumValue: TThoriu
mValue)[] 
 []


Overfull \hbox (49.65001pt too wide) in paragraph at lines 281--281
[]                                          \T1/pcr/m/n/10 (Sender: TThoriumLib
raryProperty;[] 
 []


Overfull \hbox (61.65001pt too wide) in paragraph at lines 281--281
[]                                          \T1/pcr/m/n/10 const AThoriumValue:
 TThoriumValue;[] 
 []


Overfull \hbox (31.65001pt too wide) in paragraph at lines 291--291
[]\T1/pcr/m/n/10 TThoriumOnRequireModule = procedure(Sender: TThorium;const Nam
e: String;[] 
 []


Overfull \hbox (1.65001pt too wide) in paragraph at lines 291--291
[]                                    \T1/pcr/m/n/10 var ANewModule: TThoriumMo
dule)[] 
 []

[3]
Overfull \hbox (25.65001pt too wide) in paragraph at lines 328--328
[]\T1/pcr/m/n/10 TThoriumRegisters = Array[0..THORIUM_REGISTER_COUNT-1] of TTho
riumValue[] 
 []


Overfull \hbox (25.65001pt too wide) in paragraph at lines 358--358
[]\T1/pcr/m/n/10 TThoriumRTTIMethodsCallback = procedure(Sender: TThoriumRTTIOb
jectType;[] 
 []


Overfull \hbox (37.65001pt too wide) in paragraph at lines 358--358
[]                                        \T1/pcr/m/n/10 var Methods: TThoriumR
TTIMethods)[] 
 []


Overfull \hbox (67.65001pt too wide) in paragraph at lines 377--377
[]                                              \T1/pcr/m/n/10 (Sender: TThoriu
mRTTIObjectType;[] 
 []


Overfull \hbox (109.65001pt too wide) in paragraph at lines 377--377
[]                                              \T1/pcr/m/n/10 var Methods: TTh
oriumRTTIStaticMethods)[] 
 []

[4] [5]
Overfull \hbox (79.65001pt too wide) in paragraph at lines 495--495
[]                                       \T1/pcr/m/n/10 (const TypeClass: TThor
iumHostObjectType)[] 
 []


Overfull \hbox (103.65001pt too wide) in paragraph at lines 566--566
[]                                          \T1/pcr/m/n/10 (VarType: PThoriumEx
ternalFunctionVarType;[] 
 []


Overfull \hbox (13.65001pt too wide) in paragraph at lines 566--566
[]                                          \T1/pcr/m/n/10 out TypeSpec: TThori
umType)[] 
 []


Overfull \hbox (4.15001pt too wide) in paragraph at lines 580--580
[]\T1/pcr/m/n/10 function ThoriumInstructionToStr(AInstruction: TThoriumInstruc
tion)[] 
 []

[6]
Overfull \hbox (34.15001pt too wide) in paragraph at lines 593--593
[]\T1/pcr/m/n/10 function ThoriumMakeOOPEvent(ACode: Pointer;Userdata: Pointer)
 : TMethod[] 
 []


Overfull \hbox (28.15001pt too wide) in paragraph at lines 606--606
[]\T1/pcr/m/n/10 function ThoriumRegisterToStr(ARegisterID: TThoriumRegisterID)
 : String[] 
 []

[7] [8] [9]
Underfull \vbox (badness 10000) has occurred while \output is active []

 [10]
Overfull \hbox (16.15001pt too wide) in paragraph at lines 927--927
[]\T1/pcr/m/n/10 function DoRequireModule(const Name: String;NeededHash: PThori
umHash)[] 
 []

[11]
Overfull \hbox (4.15001pt too wide) in paragraph at lines 940--940
[]\T1/pcr/m/n/10 function DoOpenModule(const ModuleName: String) : TStream;  Vi
rtual[] 
 []

[12]
Overfull \hbox (13.65001pt too wide) in paragraph at lines 1047--1047
[]                           \T1/pcr/m/n/10 NeededHash: PThoriumHash) : TThoriu
mModule[] 
 []


Overfull \hbox (25.65001pt too wide) in paragraph at lines 1063--1063
[]                             \T1/pcr/m/n/10 NeededHash: PThoriumHash) : TThor
iumModule[] 
 []

[13] [14] [15]
Overfull \hbox (22.15001pt too wide) in paragraph at lines 1318--1318
[]\T1/pcr/m/n/10 procedure Execute(StartModuleIndex: Integer;StartInstruction: 
Integer;[] 
 []

[16] [17] [18]
Overfull \hbox (22.15001pt too wide) in paragraph at lines 1566--1566
[]\T1/pcr/m/n/10 function SafeCall(AParameters: Array of TThoriumValue) : TThor
iumValue[] 
 []

[19] [20] [21] [22] [23]
Overfull \hbox (37.65001pt too wide) in paragraph at lines 1952--1952
[]                                \T1/pcr/m/n/10 (AVirtualMachine: TThoriumVirt
ualMachine)[] 
 []

[24]
Overfull \hbox (37.65001pt too wide) in paragraph at lines 2020--2020
[]                                \T1/pcr/m/n/10 (AVirtualMachine: TThoriumVirt
ualMachine)[] 
 []

[25] [26]
Overfull \hbox (72.55595pt too wide) in paragraph at lines 2176--2178
[]\T1/ptm/m/n/10 TThoriumHostFunctionParameterSpec.GetExtendedType ([][]27[][])
, TTho-ri-umHost-Func-tion-Pa-ram-e-ter-Spec.GetParamType
 []


Overfull \hbox (18.85667pt too wide) in paragraph at lines 2194--2197
\T1/ptm/m/n/10 Spec.SetExtendedType ([][]27[][]), TTho-ri-umHost-Func-tion-Pa-r
am-e-ter-Spec.GetParamType ([][]27[][]), TTho-ri-umHost-
 []


Overfull \hbox (4.56691pt too wide) in paragraph at lines 2213--2216
\T1/ptm/m/n/10 Spec.GetExtendedType ([][]27[][]), TTho-ri-umHost-Func-tion-Pa-r
am-e-ter-Spec.Types ([][]29[][]), TTho-ri-umHost-Func-
 []

[27]
Overfull \hbox (60.34601pt too wide) in paragraph at lines 2249--2250
[]\T1/ptm/m/n/10 TThoriumHostFunctionParameterSpec.SetParamType ([][]28[][]), T
Tho-ri-umHost-Func-tion-Pa-ram-e-ter-Spec.ExtendedTypes
 []


Overfull \hbox (58.26619pt too wide) in paragraph at lines 2298--2299
[]\T1/ptm/m/n/10 TThoriumHostFunctionParameterSpec.AddType ([][]28[][]), TTho-r
i-umHost-Func-tion-Pa-ram-e-ter-Spec.InsertExtendedType
 []


Overfull \hbox (10.15001pt too wide) in paragraph at lines 2325--2325
[]\T1/pcr/m/n/10 function IndexOfType(AType: TThoriumHostType;Nth: Integer) : I
nteger[] 
 []

[28]
Overfull \hbox (2.48642pt too wide) in paragraph at lines 2345--2346
[]\T1/ptm/m/n/10 TThoriumHostFunctionParameterSpec.InsertExtendedType ([][]29[]
[]), TTho-ri-umHost-Func-tion-Pa-ram-e-ter-
 []


Overfull \hbox (58.26619pt too wide) in paragraph at lines 2363--2364
[]\T1/ptm/m/n/10 TThoriumHostFunctionParameterSpec.InsertType ([][]29[][]), TTh
o-ri-umHost-Func-tion-Pa-ram-e-ter-Spec.AddExtendedType
 []


Overfull \hbox (58.52592pt too wide) in paragraph at lines 2414--2417
[]\T1/ptm/m/n/10 TThoriumHostFunctionParameterSpec.GetParamType ([][]27[][]), T
Tho-ri-umHost-Func-tion-Pa-ram-e-ter-Spec.SetParamType
 []

[29]
Overfull \hbox (83.26591pt too wide) in paragraph at lines 2435--2438
[]\T1/ptm/m/n/10 TThoriumHostFunctionParameterSpec.GetExtendedType ([][]27[][])
, TTho-ri-umHost-Func-tion-Pa-ram-e-ter-Spec.SetExtendedType
 []


Overfull \hbox (45.85602pt too wide) in paragraph at lines 2435--2438
\T1/ptm/m/n/10 ([][]27[][]), TTho-ri-umHost-Func-tion-Pa-ram-e-ter-Spec.Types (
[][]29[][]), TTho-ri-umHost-Func-tion-Pa-ram-e-ter-Spec.CompleteTypes
 []


Overfull \hbox (28.15001pt too wide) in paragraph at lines 2449--2449
[]\T1/pcr/m/n/10 Property CompleteTypes[Index: Integer]: PThoriumExternalFuncti
onVarType[] 
 []

[30]
Overfull \hbox (37.65001pt too wide) in paragraph at lines 2542--2542
[]                                \T1/pcr/m/n/10 (AVirtualMachine: TThoriumVirt
ualMachine)[] 
 []

[31]
Overfull \hbox (28.26155pt too wide) in paragraph at lines 2602--2602
[]\T1/phv/b/n/12 TThoriumHostMethodAsFunctionNativeCall.CallFromVirtualMachine 

 []


Overfull \hbox (37.65001pt too wide) in paragraph at lines 2612--2612
[]                                \T1/pcr/m/n/10 (AVirtualMachine: TThoriumVirt
ualMachine)[] 
 []


Overfull \hbox (31.65001pt too wide) in paragraph at lines 2684--2684
[]                                \T1/pcr/m/n/10 AVirtualMachine: TThoriumVirtu
alMachine)[] 
 []

[32]
Overfull \hbox (31.65001pt too wide) in paragraph at lines 2752--2752
[]                                \T1/pcr/m/n/10 AVirtualMachine: TThoriumVirtu
alMachine)[] 
 []

[33]
Overfull \hbox (25.15605pt too wide) in paragraph at lines 2787--2787
[]\T1/ptm/m/n/10 Describes the call-ing con-ven-tion of the method. See TTho-ri
-umHost-Func-tion-Na-tive-Call.CallingConvention
 []

[34]
Overfull \hbox (31.65001pt too wide) in paragraph at lines 2853--2853
[]                                \T1/pcr/m/n/10 AVirtualMachine: TThoriumVirtu
alMachine)[] 
 []

[35]
Overfull \hbox (16.15001pt too wide) in paragraph at lines 2958--2958
[]\T1/pcr/m/n/10 function GetNeededMemoryAmount : TThoriumSizeInt;  Virtual;  A
bstract[] 
 []


Overfull \hbox (1.65001pt too wide) in paragraph at lines 2990--2990
[]                     \T1/pcr/m/n/10 var ADest: TThoriumValue);  Virtual;  Abs
tract[] 
 []


Overfull \hbox (7.65001pt too wide) in paragraph at lines 3008--3008
[]                         \T1/pcr/m/n/10 const Op: TThoriumOperator) : TThoriu
mValue[] 
 []

[36]
Overfull \hbox (16.15001pt too wide) in paragraph at lines 3024--3024
[]\T1/pcr/m/n/10 function PerformEvaluation(const AValue: TThoriumHostObjectTyp
eValue)[] 
 []


Overfull \hbox (4.15001pt too wide) in paragraph at lines 3040--3040
[]\T1/pcr/m/n/10 function PerformNegation(const AValue: TThoriumHostObjectTypeV
alue)[] 
 []

[37]
Overfull \hbox (7.65001pt too wide) in paragraph at lines 3109--3109
[]                                 \T1/pcr/m/n/10 const Operation: TThoriumOper
ation;[] 
 []


Overfull \hbox (31.65001pt too wide) in paragraph at lines 3109--3109
[]                                 \T1/pcr/m/n/10 out ResultType: TThoriumType)
 : Boolean[] 
 []

[38]
Overfull \hbox (28.15001pt too wide) in paragraph at lines 3169--3169
[]\T1/pcr/m/n/10 function FindMethod(const AMethodName: String) : TThoriumHostM
ethodBase[] 
 []


Overfull \hbox (34.15001pt too wide) in paragraph at lines 3200--3200
[]\T1/pcr/m/n/10 function StaticFieldID(const FieldIdent: String;out ID: QWord)
 : Boolean[] 
 []


Overfull \hbox (13.65001pt too wide) in paragraph at lines 3234--3234
[]                        \T1/pcr/m/n/10 out ResultType: TThoriumTableEntry) : 
Boolean[] 
 []

[39]
Overfull \hbox (25.65001pt too wide) in paragraph at lines 3268--3268
[]                 \T1/pcr/m/n/10 const AIndex: TThoriumValue) : TThoriumValue;
  Virtual[] 
 []


Overfull \hbox (13.65001pt too wide) in paragraph at lines 3285--3285
[]                  \T1/pcr/m/n/10 const NewValue: TThoriumValue);  Virtual;  A
bstract[] 
 []


Overfull \hbox (28.15001pt too wide) in paragraph at lines 3301--3301
[]\T1/pcr/m/n/10 function GetField(const AInstance: TThoriumValue;const AFieldI
D: QWord)[] 
 []

[40]
Overfull \hbox (25.65001pt too wide) in paragraph at lines 3318--3318
[]                       \T1/pcr/m/n/10 const AFieldID: QWord) : TThoriumValue;
  Virtual[] 
 []


Overfull \hbox (34.15001pt too wide) in paragraph at lines 3334--3334
[]\T1/pcr/m/n/10 procedure SetField(const AInstance: TThoriumValue;const AField
ID: QWord;[] 
 []


Overfull \hbox (13.65001pt too wide) in paragraph at lines 3334--3334
[]                  \T1/pcr/m/n/10 const NewValue: TThoriumValue);  Virtual;  A
bstract[] 
 []


Overfull \hbox (22.15001pt too wide) in paragraph at lines 3368--3368
[]\T1/pcr/m/n/10 function GetPropertyStoring(const AFieldID: QWord) : Boolean; 
 Virtual[] 
 []

[41]
Overfull \hbox (19.65001pt too wide) in paragraph at lines 3458--3458
[]                               \T1/pcr/m/n/10 Offset: Integer;TypeSpec: TThor
iumType;[] 
 []

[42]
Overfull \hbox (19.65001pt too wide) in paragraph at lines 3472--3472
[]                               \T1/pcr/m/n/10 Offset: Integer;TypeSpec: TThor
iumType)[] 
 []


Overfull \hbox (19.65001pt too wide) in paragraph at lines 3487--3487
[]                                       \T1/pcr/m/n/10 RegisterID: TThoriumReg
isterID;[] 
 []


Overfull \hbox (10.15001pt too wide) in paragraph at lines 3500--3500
[]\T1/pcr/m/n/10 procedure AddFunctionIdentifier(Name: String;Func: TThoriumFun
ction)[] 
 []


Overfull \hbox (4.15001pt too wide) in paragraph at lines 3540--3540
[]\T1/pcr/m/n/10 function FindIdentifier(Name: String;out Ident: TThoriumTableE
ntry)[] 
 []

[43] [44]
Overfull \hbox (16.15001pt too wide) in paragraph at lines 3712--3712
[]\T1/pcr/m/n/10 procedure AddInstructionPointer(APointer: PThoriumInstructionA
ddress)[] 
 []


Overfull \hbox (34.15001pt too wide) in paragraph at lines 3725--3725
[]\T1/pcr/m/n/10 procedure RemoveInstructionPointer(APointer: PThoriumInstructi
onAddress)[] 
 []

[45] [46] [47] [48]
Underfull \vbox (badness 10000) has occurred while \output is active []

 [49]
Underfull \vbox (badness 10000) has occurred while \output is active []

 [50]
Overfull \hbox (10.15001pt too wide) in paragraph at lines 4205--4205
[]\T1/pcr/m/n/10 function GetHostFunction(AIndex: Integer) : TThoriumHostFuncti
onBase[] 
 []

[51]
Overfull \hbox (22.15001pt too wide) in paragraph at lines 4257--4257
[]\T1/pcr/m/n/10 function GetLibraryProperty(AIndex: Integer) : TThoriumLibrary
Property[] 
 []

[52] [53]
Overfull \hbox (13.65001pt too wide) in paragraph at lines 4446--4446
[]                         \T1/pcr/m/n/10 const AValue: TThoriumValue) : PThori
umValue[] 
 []


Overfull \hbox (79.65001pt too wide) in paragraph at lines 4464--4464
[]                                   \T1/pcr/m/n/10 const AParameters: Array of
 TThoriumHostType;[] 
 []


Overfull \hbox (25.65001pt too wide) in paragraph at lines 4464--4464
[]                                   \T1/pcr/m/n/10 const AReturnType: TThorium
HostType;[] 
 []


Overfull \hbox (157.65001pt too wide) in paragraph at lines 4464--4464
[]                                   \T1/pcr/m/n/10 const ACallingConvention: T
ThoriumNativeCallingConvention)[] 
 []


Overfull \hbox (7.65001pt too wide) in paragraph at lines 4464--4464
[]                                    \T1/pcr/m/n/10 : TThoriumHostFunctionNati
veCall[] 
 []


Overfull \hbox (25.65001pt too wide) in paragraph at lines 4483--4483
[]                                           \T1/pcr/m/n/10 const ACodePointer:
 Pointer;[] 
 []


Overfull \hbox (25.65001pt too wide) in paragraph at lines 4483--4483
[]                                           \T1/pcr/m/n/10 const ADataPointer:
 Pointer;[] 
 []


Overfull \hbox (127.65001pt too wide) in paragraph at lines 4483--4483
[]                                           \T1/pcr/m/n/10 const AParameters: 
Array of TThoriumHostType;[] 
 []


Overfull \hbox (73.65001pt too wide) in paragraph at lines 4483--4483
[]                                           \T1/pcr/m/n/10 const AReturnType: 
TThoriumHostType;[] 
 []


Overfull \hbox (205.65001pt too wide) in paragraph at lines 4483--4483
[]                                           \T1/pcr/m/n/10 const ACallingConve
ntion: TThoriumNativeCallingConvention)[] 
 []


Overfull \hbox (103.65001pt too wide) in paragraph at lines 4483--4483
[]                                            \T1/pcr/m/n/10 : TThoriumHostMeth
odAsFunctionNativeCall[] 
 []


Overfull \hbox (37.65001pt too wide) in paragraph at lines 4498--4498
[]                           \T1/pcr/m/n/10 const ATypeClass: TThoriumHostObjec
tTypeClass)[] 
 []


Overfull \hbox (49.65001pt too wide) in paragraph at lines 4516--4516
[]                                 \T1/pcr/m/n/10 const AGetCallback: TThoriumO
nPropertyGet;[] 
 []


Overfull \hbox (49.65001pt too wide) in paragraph at lines 4516--4516
[]                                 \T1/pcr/m/n/10 const ASetCallback: TThoriumO
nPropertySet)[] 
 []


Overfull \hbox (1.65001pt too wide) in paragraph at lines 4516--4516
[]                                  \T1/pcr/m/n/10 : TThoriumLibraryPropertyCal
lback[] 
 []

[54]
Overfull \hbox (43.65001pt too wide) in paragraph at lines 4531--4531
[]                               \T1/pcr/m/n/10 const AClass: TThoriumLibraryPr
opertyClass)[] 
 []


Overfull \hbox (13.65001pt too wide) in paragraph at lines 4564--4564
[]                                       \T1/pcr/m/n/10 const ATypeSpec: TThori
umType;[] 
 []


Overfull \hbox (73.65001pt too wide) in paragraph at lines 4564--4564
[]                                       \T1/pcr/m/n/10 Callback: TThoriumOnPro
pertySetCallback)[] 
 []


Overfull \hbox (91.65001pt too wide) in paragraph at lines 4564--4564
[]                                        \T1/pcr/m/n/10 : TThoriumLibraryPrope
rtyDirectSetCallback[] 
 []


Overfull \hbox (25.65001pt too wide) in paragraph at lines 4584--4584
[]                         \T1/pcr/m/n/10 AMethodsCallback: TThoriumRTTIMethods
Callback;[] 
 []


Overfull \hbox (97.65001pt too wide) in paragraph at lines 4584--4584
[]                         \T1/pcr/m/n/10 AStaticMethodsCallback: TThoriumRTTIS
taticMethodsCallback;[] 
 []


Overfull \hbox (1.65001pt too wide) in paragraph at lines 4601--4601
[]                             \T1/pcr/m/n/10 const AFunction: TThoriumSimpleMe
thod;[] 
 []


Overfull \hbox (43.65001pt too wide) in paragraph at lines 4601--4601
[]                             \T1/pcr/m/n/10 const AParameters: Array of TThor
iumHostType;[] 
 []


Overfull \hbox (28.15001pt too wide) in paragraph at lines 4614--4614
[]\T1/pcr/m/n/10 function DeepFindHostType(const AName: String) : TThoriumHostO
bjectType[] 
 []


Overfull \hbox (28.15001pt too wide) in paragraph at lines 4627--4627
[]\T1/pcr/m/n/10 function DeepFindRTTIType(const AName: String) : TThoriumRTTIO
bjectType[] 
 []

[55]
Overfull \hbox (10.15001pt too wide) in paragraph at lines 4654--4654
[]\T1/pcr/m/n/10 function FindConstant(const AName: String) : TThoriumLibraryCo
nstant[] 
 []


Overfull \hbox (4.15001pt too wide) in paragraph at lines 4681--4681
[]\T1/pcr/m/n/10 function FindHostType(const AName: String) : TThoriumHostObjec
tType[] 
 []


Overfull \hbox (10.15001pt too wide) in paragraph at lines 4694--4694
[]\T1/pcr/m/n/10 function FindProperty(const AName: String) : TThoriumLibraryPr
operty[] 
 []


Overfull \hbox (4.15001pt too wide) in paragraph at lines 4707--4707
[]\T1/pcr/m/n/10 function FindRTTIType(const AName: String) : TThoriumRTTIObjec
tType[] 
 []

[56] [57] [58] [59] [60] [61] [62]
Underfull \vbox (badness 6445) has occurred while \output is active []

 [63]
Overfull \hbox (28.15001pt too wide) in paragraph at lines 5462--5462
[]\T1/pcr/m/n/10 function FindHostRTTIType(const AName: String) : TThoriumRTTIO
bjectType[] 
 []

[64]
Overfull \hbox (1.65001pt too wide) in paragraph at lines 5505--5505
[]                                \T1/pcr/m/n/10 const Header: TThoriumModuleHe
ader)[] 
 []

[65]
Overfull \hbox (4.15001pt too wide) in paragraph at lines 5609--5609
[]\T1/pcr/m/n/10 function FindPublicFunction(const AName: String) : TThoriumFun
ction[] 
 []


Overfull \hbox (10.15001pt too wide) in paragraph at lines 5641--5641
[]\T1/pcr/m/n/10 function IsTypeCompatible(Value1: TThoriumType;Value2: TThoriu
mType;[] 
 []


Overfull \hbox (31.65001pt too wide) in paragraph at lines 5657--5657
[]                                 \T1/pcr/m/n/10 out ResultType: TThoriumType)
 : Boolean[] 
 []

[66] [67] [68] [69] [70] [71]
Overfull \hbox (7.65001pt too wide) in paragraph at lines 6192--6192
[]                             \T1/pcr/m/n/10 var Methods: TThoriumRTTIStaticMe
thods)[] 
 []

[72] [73] [74] [75]
Overfull \hbox (43.65001pt too wide) in paragraph at lines 6448--6448
[]                  \T1/pcr/m/n/10 StaticMethodCallback: TThoriumRTTIStaticMeth
odsCallback;[] 
 []

[76]
Overfull \hbox (7.65001pt too wide) in paragraph at lines 6536--6536
[]                                 \T1/pcr/m/n/10 const Operation: TThoriumOper
ation;[] 
 []


Overfull \hbox (31.65001pt too wide) in paragraph at lines 6536--6536
[]                                 \T1/pcr/m/n/10 out ResultType: TThoriumType)
 : Boolean[] 
 []


Overfull \hbox (28.15001pt too wide) in paragraph at lines 6589--6589
[]\T1/pcr/m/n/10 function FindMethod(const AMethodName: String) : TThoriumHostM
ethodBase[] 
 []


Overfull \hbox (34.15001pt too wide) in paragraph at lines 6630--6630
[]\T1/pcr/m/n/10 function StaticFieldID(const FieldIdent: String;out ID: QWord)
 : Boolean[] 
 []

[77]
Overfull \hbox (13.65001pt too wide) in paragraph at lines 6660--6660
[]                        \T1/pcr/m/n/10 out ResultType: TThoriumTableEntry) : 
Boolean[] 
 []


Overfull \hbox (28.15001pt too wide) in paragraph at lines 6674--6674
[]\T1/pcr/m/n/10 function GetField(const AInstance: TThoriumValue;const AFieldI
D: QWord)[] 
 []


Overfull \hbox (34.15001pt too wide) in paragraph at lines 6688--6688
[]\T1/pcr/m/n/10 procedure SetField(const AInstance: TThoriumValue;const AField
ID: QWord;[] 
 []


Overfull \hbox (25.65001pt too wide) in paragraph at lines 6703--6703
[]\T1/pcr/m/n/10 function GetPropertyStoring(const AFieldID: QWord) : Boolean; 
 Override[] 
 []


Overfull \hbox (10.1059pt too wide) in paragraph at lines 6724--6724
\T1/ptm/m/n/10 im-ple-men-ta-tion. For more in-fos about the stor-ing bit see T
Tho-ri-umHos-tO-b-ject-Type.GetPropertyStoring
 []

[78]
Overfull \hbox (37.65001pt too wide) in paragraph at lines 6740--6740
[]                            \T1/pcr/m/n/10 const AParameters: Array of TThori
umHostType;[] 
 []


Overfull \hbox (115.65001pt too wide) in paragraph at lines 6740--6740
[]                            \T1/pcr/m/n/10 const ACallingConvention: TThorium
NativeCallingConvention)[] 
 []


Overfull \hbox (73.65001pt too wide) in paragraph at lines 6761--6761
[]                                  \T1/pcr/m/n/10 const AParameters: Array of 
TThoriumHostType;[] 
 []


Overfull \hbox (19.65001pt too wide) in paragraph at lines 6761--6761
[]                                  \T1/pcr/m/n/10 const AReturnType: TThoriumH
ostType;[] 
 []


Overfull \hbox (151.65001pt too wide) in paragraph at lines 6761--6761
[]                                  \T1/pcr/m/n/10 const ACallingConvention: TT
horiumNativeCallingConvention)[] 
 []


Overfull \hbox (49.65001pt too wide) in paragraph at lines 6761--6761
[]                                   \T1/pcr/m/n/10 : TThoriumHostMethodAsFunct
ionNativeCall[] 
 []


Overfull \hbox (85.65001pt too wide) in paragraph at lines 6781--6781
[]                                    \T1/pcr/m/n/10 const AParameters: Array o
f TThoriumHostType;[] 
 []


Overfull \hbox (31.65001pt too wide) in paragraph at lines 6781--6781
[]                                    \T1/pcr/m/n/10 const AReturnType: TThoriu
mHostType;[] 
 []


Overfull \hbox (163.65001pt too wide) in paragraph at lines 6781--6781
[]                                    \T1/pcr/m/n/10 const ACallingConvention: 
TThoriumNativeCallingConvention)[] 
 []


Overfull \hbox (13.65001pt too wide) in paragraph at lines 6781--6781
[]                                     \T1/pcr/m/n/10 : TThoriumHostFunctionNat
iveCall[] 
 []

[79] [80] [81]
Overfull \hbox (46.15001pt too wide) in paragraph at lines 7090--7090
[]\T1/pcr/m/n/10 Property StackEntry[ScopeRoot: Integer;Index: Integer]: PThori
umStackEntry[] 
 []

[82] [83] [84]
Overfull \hbox (22.15001pt too wide) in paragraph at lines 7332--7332
[]\T1/pcr/m/n/10 procedure Execute(StartModuleIndex: Integer;StartInstruction: 
Integer;[] 
 []

[85]) [86] (./main.aux) ) 
Here is how much of TeX's memory you used:
 7675 strings out of 256216
 129732 string characters out of 1917073
 203533 words of memory out of 1500000
 10240 multiletter control sequences out of 10000+200000
 29474 words of font info for 34 fonts, out of 1200000 for 2000
 645 hyphenation exceptions out of 8191
 44i,12n,45p,1136b,575s stack positions out of 5000i,500n,6000p,200000b,15000s
{/usr/share/texmf/fonts/enc/dvips/base/8r.enc}</usr/sh
are/texmf/fonts/type1/bluesky/cm/cmsy10.pfb></usr/share/texmf/fonts/type1/urw/c
ourier/ucrr8a.pfb></usr/share/texmf/fonts/type1/urw/helvetic/uhvb8a.pfb></usr/s
hare/texmf/fonts/type1/urw/helvetic/uhvr8a.pfb></usr/share/texmf/fonts/type1/ur
w/times/utmr8a.pfb></usr/share/texmf/fonts/type1/urw/times/utmr8a.pfb></usr/sha
re/texmf/fonts/type1/urw/times/utmri8a.pfb>
Output written on main.pdf (86 pages, 550684 bytes).
PDF statistics:
 3928 PDF objects out of 4296 (max. 8388607)
 624 named destinations out of 1000 (max. 131072)
 4297 words of extra memory for PDF output out of 10000 (max. 10000000)

